2015-10-12 19:53:17 Error: [MissingActionException] Action AppController::index() could not be found.
Exception Attributes: array (
  'controller' => 'AppController',
  'action' => 'index',
)
Request URL: /phpddns/app/
Stack Trace:
#0 /var/www/html/phpddns/lib/Cake/Routing/Dispatcher.php(193): Controller->invokeAction(Object(CakeRequest))
#1 /var/www/html/phpddns/lib/Cake/Routing/Dispatcher.php(167): Dispatcher->_invoke(Object(AppController), Object(CakeRequest))
#2 /var/www/html/phpddns/app/webroot/index.php(118): Dispatcher->dispatch(Object(CakeRequest), Object(CakeResponse))
#3 /var/www/html/phpddns/app/index.php(17): require('/var/www/html/p...')
#4 {main}
2015-10-13 04:31:58 Error: [MissingPluginException] Plugin TwitterBoostrap could not be found.
Exception Attributes: array (
  'plugin' => 'TwitterBoostrap',
)
Stack Trace:
#0 /var/www/html/phpddns/lib/Cake/Core/CakePlugin.php(94): CakePlugin::load('TwitterBoostrap', Array)
#1 /var/www/html/phpddns/app/Config/bootstrap.php(115): CakePlugin::load(Array)
#2 /var/www/html/phpddns/lib/Cake/Core/Configure.php(92): include('/var/www/html/p...')
#3 /var/www/html/phpddns/lib/Cake/bootstrap.php(431): Configure::bootstrap(true)
#4 /var/www/html/phpddns/lib/Cake/Console/ShellDispatcher.php(138): require('/var/www/html/p...')
#5 /var/www/html/phpddns/lib/Cake/Console/ShellDispatcher.php(100): ShellDispatcher->_bootstrap()
#6 /var/www/html/phpddns/lib/Cake/Console/ShellDispatcher.php(54): ShellDispatcher->_initEnvironment()
#7 /var/www/html/phpddns/lib/Cake/Console/ShellDispatcher.php(65): ShellDispatcher->__construct(Array)
#8 /var/www/html/phpddns/lib/Cake/Console/cake.php(54): ShellDispatcher::run(Array)
#9 {main}
2015-10-13 04:36:54 Error: [MissingPluginException] Plugin TwitterBoostrap could not be found.
Exception Attributes: array (
  'plugin' => 'TwitterBoostrap',
)
Stack Trace:
#0 /var/www/html/phpddns/lib/Cake/Core/CakePlugin.php(94): CakePlugin::load('TwitterBoostrap', Array)
#1 /var/www/html/phpddns/app/Config/bootstrap.php(115): CakePlugin::load(Array)
#2 /var/www/html/phpddns/lib/Cake/Core/Configure.php(92): include('/var/www/html/p...')
#3 /var/www/html/phpddns/lib/Cake/bootstrap.php(431): Configure::bootstrap(true)
#4 /var/www/html/phpddns/lib/Cake/Console/ShellDispatcher.php(138): require('/var/www/html/p...')
#5 /var/www/html/phpddns/lib/Cake/Console/ShellDispatcher.php(100): ShellDispatcher->_bootstrap()
#6 /var/www/html/phpddns/lib/Cake/Console/ShellDispatcher.php(54): ShellDispatcher->_initEnvironment()
#7 /var/www/html/phpddns/lib/Cake/Console/ShellDispatcher.php(65): ShellDispatcher->__construct(Array)
#8 /var/www/html/phpddns/lib/Cake/Console/cake.php(54): ShellDispatcher::run(Array)
#9 {main}
2015-10-13 04:38:55 Error: [MissingPluginException] Plugin TwitterBoostrap could not be found.
Exception Attributes: array (
  'plugin' => 'TwitterBoostrap',
)
Stack Trace:
#0 /var/www/html/phpddns/lib/Cake/Core/CakePlugin.php(94): CakePlugin::load('TwitterBoostrap', Array)
#1 /var/www/html/phpddns/app/Config/bootstrap.php(115): CakePlugin::load(Array)
#2 /var/www/html/phpddns/lib/Cake/Core/Configure.php(92): include('/var/www/html/p...')
#3 /var/www/html/phpddns/lib/Cake/bootstrap.php(431): Configure::bootstrap(true)
#4 /var/www/html/phpddns/app/webroot/index.php(104): include('/var/www/html/p...')
#5 /var/www/html/phpddns/index.php(41): require('/var/www/html/p...')
#6 {main}
2015-10-13 04:48:34 Error: [MissingPluginException] Plugin TwitterBoostrap could not be found.
Exception Attributes: array (
  'plugin' => 'TwitterBoostrap',
)
Stack Trace:
#0 /var/www/html/phpddns/lib/Cake/Core/CakePlugin.php(94): CakePlugin::load('TwitterBoostrap', Array)
#1 /var/www/html/phpddns/app/Config/bootstrap.php(115): CakePlugin::load(Array)
#2 /var/www/html/phpddns/lib/Cake/Core/Configure.php(92): include('/var/www/html/p...')
#3 /var/www/html/phpddns/lib/Cake/bootstrap.php(431): Configure::bootstrap(true)
#4 /var/www/html/phpddns/lib/Cake/Console/ShellDispatcher.php(138): require('/var/www/html/p...')
#5 /var/www/html/phpddns/lib/Cake/Console/ShellDispatcher.php(100): ShellDispatcher->_bootstrap()
#6 /var/www/html/phpddns/lib/Cake/Console/ShellDispatcher.php(54): ShellDispatcher->_initEnvironment()
#7 /var/www/html/phpddns/lib/Cake/Console/ShellDispatcher.php(65): ShellDispatcher->__construct(Array)
#8 /var/www/html/phpddns/app/Console/cake.php(47): ShellDispatcher::run(Array)
#9 {main}
2015-10-13 05:00:44 Error: [MissingActionException] Action AppController::index() could not be found.
Exception Attributes: array (
  'controller' => 'AppController',
  'action' => 'index',
)
Request URL: /phpddns/app/
Stack Trace:
#0 /var/www/html/phpddns/lib/Cake/Routing/Dispatcher.php(193): Controller->invokeAction(Object(CakeRequest))
#1 /var/www/html/phpddns/lib/Cake/Routing/Dispatcher.php(167): Dispatcher->_invoke(Object(AppController), Object(CakeRequest))
#2 /var/www/html/phpddns/app/webroot/index.php(118): Dispatcher->dispatch(Object(CakeRequest), Object(CakeResponse))
#3 /var/www/html/phpddns/app/index.php(17): require('/var/www/html/p...')
#4 {main}
2015-10-13 05:00:53 Error: [MissingActionException] Action AppController::index() could not be found.
Exception Attributes: array (
  'controller' => 'AppController',
  'action' => 'index',
)
Request URL: /phpddns/app/
Stack Trace:
#0 /var/www/html/phpddns/lib/Cake/Routing/Dispatcher.php(193): Controller->invokeAction(Object(CakeRequest))
#1 /var/www/html/phpddns/lib/Cake/Routing/Dispatcher.php(167): Dispatcher->_invoke(Object(AppController), Object(CakeRequest))
#2 /var/www/html/phpddns/app/webroot/index.php(118): Dispatcher->dispatch(Object(CakeRequest), Object(CakeResponse))
#3 /var/www/html/phpddns/app/index.php(17): require('/var/www/html/p...')
#4 {main}
2015-10-13 05:31:09 Error: [MissingControllerException] Controller class PhpddnsController could not be found.
Exception Attributes: array (
  'class' => 'PhpddnsController',
  'plugin' => NULL,
)
Request URL: /phpddns/index.php/phpddns/
Stack Trace:
#0 /var/www/html/phpddns/app/webroot/index.php(118): Dispatcher->dispatch(Object(CakeRequest), Object(CakeResponse))
#1 /var/www/html/phpddns/index.php(41): require('/var/www/html/p...')
#2 {main}
2015-10-13 11:44:23 Error: [MissingControllerException] Controller class PhpddnsController could not be found.
Exception Attributes: array (
  'class' => 'PhpddnsController',
  'plugin' => NULL,
)
Request URL: /phpddns/index.php/phpddns/
Stack Trace:
#0 /var/www/html/phpddns/app/webroot/index.php(118): Dispatcher->dispatch(Object(CakeRequest), Object(CakeResponse))
#1 /var/www/html/phpddns/index.php(41): require('/var/www/html/p...')
#2 {main}
2015-10-13 11:47:45 Error: [MissingControllerException] Controller class PhpddnsController could not be found.
Exception Attributes: array (
  'class' => 'PhpddnsController',
  'plugin' => NULL,
)
Request URL: /phpddns/index.php/phpddns/
Stack Trace:
#0 /var/www/html/phpddns/app/webroot/index.php(118): Dispatcher->dispatch(Object(CakeRequest), Object(CakeResponse))
#1 /var/www/html/phpddns/index.php(41): require('/var/www/html/p...')
#2 {main}
2015-10-13 11:47:48 Error: [MissingControllerException] Controller class PhpddnsController could not be found.
Exception Attributes: array (
  'class' => 'PhpddnsController',
  'plugin' => NULL,
)
Request URL: /phpddns/index.php/phpddns/
Stack Trace:
#0 /var/www/html/phpddns/app/webroot/index.php(118): Dispatcher->dispatch(Object(CakeRequest), Object(CakeResponse))
#1 /var/www/html/phpddns/index.php(41): require('/var/www/html/p...')
#2 {main}
2015-10-13 11:47:54 Error: [MissingControllerException] Controller class PhpddnsController could not be found.
Exception Attributes: array (
  'class' => 'PhpddnsController',
  'plugin' => NULL,
)
Request URL: /phpddns/index.php/phpddns/
Stack Trace:
#0 /var/www/html/phpddns/app/webroot/index.php(118): Dispatcher->dispatch(Object(CakeRequest), Object(CakeResponse))
#1 /var/www/html/phpddns/index.php(41): require('/var/www/html/p...')
#2 {main}
2015-10-13 11:49:13 Error: [MissingControllerException] Controller class PhpddnsController could not be found.
Exception Attributes: array (
  'class' => 'PhpddnsController',
  'plugin' => NULL,
)
Request URL: /phpddns/index.php/phpddns/
Stack Trace:
#0 /var/www/html/phpddns/app/webroot/index.php(118): Dispatcher->dispatch(Object(CakeRequest), Object(CakeResponse))
#1 /var/www/html/phpddns/index.php(41): require('/var/www/html/p...')
#2 {main}
2015-10-13 11:50:31 Error: [MissingControllerException] Controller class PhpddnsController could not be found.
Exception Attributes: array (
  'class' => 'PhpddnsController',
  'plugin' => NULL,
)
Request URL: /phpddns/index.php/phpddns/
Stack Trace:
#0 /var/www/html/phpddns/app/webroot/index.php(118): Dispatcher->dispatch(Object(CakeRequest), Object(CakeResponse))
#1 /var/www/html/phpddns/index.php(41): require('/var/www/html/p...')
#2 {main}
2015-10-13 11:52:15 Error: [MissingControllerException] Controller class PhpddnsController could not be found.
Exception Attributes: array (
  'class' => 'PhpddnsController',
  'plugin' => NULL,
)
Request URL: /phpddns/index.php/phpddns/
Stack Trace:
#0 /var/www/html/phpddns/app/webroot/index.php(118): Dispatcher->dispatch(Object(CakeRequest), Object(CakeResponse))
#1 /var/www/html/phpddns/index.php(41): require('/var/www/html/p...')
#2 {main}
2015-10-13 11:52:57 Error: [MissingControllerException] Controller class PhpddnsController could not be found.
Exception Attributes: array (
  'class' => 'PhpddnsController',
  'plugin' => NULL,
)
Request URL: /phpddns/index.php/phpddns/
Stack Trace:
#0 /var/www/html/phpddns/app/webroot/index.php(118): Dispatcher->dispatch(Object(CakeRequest), Object(CakeResponse))
#1 /var/www/html/phpddns/index.php(41): require('/var/www/html/p...')
#2 {main}
2015-10-14 08:03:16 Error: [MissingControllerException] Controller class PhpddnsController could not be found.
Exception Attributes: array (
  'class' => 'PhpddnsController',
  'plugin' => NULL,
)
Request URL: /phpddns/index.php/phpddns/
Stack Trace:
#0 /var/www/html/phpddns/app/webroot/index.php(118): Dispatcher->dispatch(Object(CakeRequest), Object(CakeResponse))
#1 /var/www/html/phpddns/index.php(41): require('/var/www/html/p...')
#2 {main}
2015-10-14 08:11:51 Error: [MissingControllerException] Controller class PhpddnsController could not be found.
Exception Attributes: array (
  'class' => 'PhpddnsController',
  'plugin' => NULL,
)
Request URL: /phpddns/index.php/phpddns/
Stack Trace:
#0 /var/www/html/phpddns/app/webroot/index.php(118): Dispatcher->dispatch(Object(CakeRequest), Object(CakeResponse))
#1 /var/www/html/phpddns/index.php(41): require('/var/www/html/p...')
#2 {main}
2015-10-14 08:13:07 Error: [MissingControllerException] Controller class PhpddnsController could not be found.
Exception Attributes: array (
  'class' => 'PhpddnsController',
  'plugin' => NULL,
)
Request URL: /phpddns/index.php/phpddns/
Stack Trace:
#0 /var/www/html/phpddns/app/webroot/index.php(118): Dispatcher->dispatch(Object(CakeRequest), Object(CakeResponse))
#1 /var/www/html/phpddns/index.php(41): require('/var/www/html/p...')
#2 {main}
2015-10-14 08:17:08 Error: [MissingControllerException] Controller class PhpddnsController could not be found.
Exception Attributes: array (
  'class' => 'PhpddnsController',
  'plugin' => NULL,
)
Request URL: /phpddns/index.php/phpddns/
Stack Trace:
#0 /var/www/html/phpddns/app/webroot/index.php(118): Dispatcher->dispatch(Object(CakeRequest), Object(CakeResponse))
#1 /var/www/html/phpddns/index.php(41): require('/var/www/html/p...')
#2 {main}
2015-10-14 08:17:09 Error: [MissingControllerException] Controller class PhpddnsController could not be found.
Exception Attributes: array (
  'class' => 'PhpddnsController',
  'plugin' => NULL,
)
Request URL: /phpddns/index.php/phpddns/
Stack Trace:
#0 /var/www/html/phpddns/app/webroot/index.php(118): Dispatcher->dispatch(Object(CakeRequest), Object(CakeResponse))
#1 /var/www/html/phpddns/index.php(41): require('/var/www/html/p...')
#2 {main}
2015-10-14 08:19:52 Error: [MissingHelperException] Helper class BoostCakepFormHelper could not be found.
Exception Attributes: array (
  'class' => 'BoostCakepFormHelper',
  'plugin' => 'BoostCake',
)
Request URL: /phpddns/index.php/
Stack Trace:
#0 /var/www/html/phpddns/lib/Cake/View/View.php(907): HelperCollection->load('Form', Array)
#1 /var/www/html/phpddns/lib/Cake/View/View.php(354): View->loadHelpers()
#2 /var/www/html/phpddns/lib/Cake/Controller/Controller.php(1247): View->__construct(Object(PagesController))
#3 /var/www/html/phpddns/lib/Cake/Controller/Controller.php(946): Controller->_getViewObject()
#4 /var/www/html/phpddns/app/Controller/PagesController.php(68): Controller->render('home')
#5 [internal function]: PagesController->display('home')
#6 /var/www/html/phpddns/lib/Cake/Controller/Controller.php(490): ReflectionMethod->invokeArgs(Object(PagesController), Array)
#7 /var/www/html/phpddns/lib/Cake/Routing/Dispatcher.php(193): Controller->invokeAction(Object(CakeRequest))
#8 /var/www/html/phpddns/lib/Cake/Routing/Dispatcher.php(167): Dispatcher->_invoke(Object(PagesController), Object(CakeRequest))
#9 /var/www/html/phpddns/app/webroot/index.php(118): Dispatcher->dispatch(Object(CakeRequest), Object(CakeResponse))
#10 /var/www/html/phpddns/index.php(41): require('/var/www/html/p...')
#11 {main}
